# JRE version: Java(TM) SE Runtime Environment (20.0.2+9) (build 20.0.2+9-78)
# Java VM: Java HotSpot(TM) 64-Bit Server VM (20.0.2+9-78, mixed mode, sharing, tiered, compressed oops, compressed class ptrs, g1 gc, windows-amd64)
GC Precious Log:
 CardTable entry size: 512
 Card Set container configuration: InlinePtr #cards 5 size 8 Array Of Cards #cards 12 size 40 Howl #buckets 4 coarsen threshold 1843 Howl Bitmap #cards 512 size 80 coarsen threshold 460 Card regions per heap region 1 cards per card region 2048
 CPUs: 8 total, 8 available
 Memory: 8072M
 Large Page Support: Disabled
 NUMA Support: Disabled
 Compressed Oops: Enabled (32-bit)
 Heap Region Size: 1M
 Heap Min Capacity: 8M
 Heap Initial Capacity: 128M
 Heap Max Capacity: 2020M
 Pre-touch: Disabled
 Parallel Workers: 8
 Concurrent Workers: 2
 Concurrent Refinement Workers: 8
 Periodic GC: Disabled
Heap:
 garbage-first heap   total 94208K, used 34024K [0x0000000081c00000, 0x0000000100000000)
  region size 1024K, 19 young (19456K), 8 survivors (8192K)
 Metaspace       used 26627K, committed 27136K, reserved 1114112K
  class space    used 3658K, committed 3904K, reserved 1048576K
GC Heap History (10 events):
Event: 3.607 GC heap before
{Heap before GC invocations=0 (full 0):
 garbage-first heap   total 131072K, used 23552K [0x0000000081c00000, 0x0000000100000000)
  region size 1024K, 23 young (23552K), 0 survivors (0K)
 Metaspace       used 6060K, committed 6272K, reserved 1114112K
  class space    used 678K, committed 768K, reserved 1048576K
}
Event: 3.612 GC heap after
{Heap after GC invocations=1 (full 0):
 garbage-first heap   total 131072K, used 9200K [0x0000000081c00000, 0x0000000100000000)
  region size 1024K, 3 young (3072K), 3 survivors (3072K)
 Metaspace       used 6060K, committed 6272K, reserved 1114112K
  class space    used 678K, committed 768K, reserved 1048576K
}
Event: 4.454 GC heap before
{Heap before GC invocations=1 (full 0):
 garbage-first heap   total 131072K, used 35824K [0x0000000081c00000, 0x0000000100000000)
  region size 1024K, 29 young (29696K), 3 survivors (3072K)
 Metaspace       used 10345K, committed 10624K, reserved 1114112K
  class space    used 1245K, committed 1408K, reserved 1048576K
}
Event: 4.459 GC heap after
{Heap after GC invocations=2 (full 0):
 garbage-first heap   total 131072K, used 13032K [0x0000000081c00000, 0x0000000100000000)
  region size 1024K, 4 young (4096K), 4 survivors (4096K)
 Metaspace       used 10345K, committed 10624K, reserved 1114112K
  class space    used 1245K, committed 1408K, reserved 1048576K
}
Event: 5.040 GC heap before
{Heap before GC invocations=2 (full 0):
 garbage-first heap   total 131072K, used 85736K [0x0000000081c00000, 0x0000000100000000)
  region size 1024K, 76 young (77824K), 4 survivors (4096K)
 Metaspace       used 13538K, committed 13888K, reserved 1114112K
  class space    used 1804K, committed 1984K, reserved 1048576K
}
Event: 5.051 GC heap after
{Heap after GC invocations=3 (full 0):
 garbage-first heap   total 131072K, used 17829K [0x0000000081c00000, 0x0000000100000000)
  region size 1024K, 9 young (9216K), 9 survivors (9216K)
 Metaspace       used 13538K, committed 13888K, reserved 1114112K
  class space    used 1804K, committed 1984K, reserved 1048576K
}
Event: 8.724 GC heap before
{Heap before GC invocations=3 (full 0):
 garbage-first heap   total 131072K, used 44453K [0x0000000081c00000, 0x0000000100000000)
  region size 1024K, 37 young (37888K), 9 survivors (9216K)
 Metaspace       used 21096K, committed 21504K, reserved 1114112K
  class space    used 2861K, committed 3072K, reserved 1048576K
}
Event: 8.732 GC heap after
{Heap after GC invocations=4 (full 0):
 garbage-first heap   total 131072K, used 21899K [0x0000000081c00000, 0x0000000100000000)
  region size 1024K, 9 young (9216K), 9 survivors (9216K)
 Metaspace       used 21096K, committed 21504K, reserved 1114112K
  class space    used 2861K, committed 3072K, reserved 1048576K
}
Event: 35.539 GC heap before
{Heap before GC invocations=5 (full 0):
 garbage-first heap   total 81920K, used 81291K [0x0000000081c00000, 0x0000000100000000)
  region size 1024K, 67 young (68608K), 9 survivors (9216K)
 Metaspace       used 26568K, committed 27072K, reserved 1114112K
  class space    used 3644K, committed 3840K, reserved 1048576K
}
Event: 35.548 GC heap after
{Heap after GC invocations=6 (full 0):
 garbage-first heap   total 94208K, used 23784K [0x0000000081c00000, 0x0000000100000000)
  region size 1024K, 8 young (8192K), 8 survivors (8192K)
 Metaspace       used 26568K, committed 27072K, reserved 1114112K
  class space    used 3644K, committed 3840K, reserved 1048576K
}

