# JRE version: Java(TM) SE Runtime Environment (20.0.2+9) (build 20.0.2+9-78)
# Java VM: Java HotSpot(TM) 64-Bit Server VM (20.0.2+9-78, mixed mode, sharing, tiered, compressed oops, compressed class ptrs, g1 gc, windows-amd64)
GC Precious Log:
 CardTable entry size: 512
 Card Set container configuration: InlinePtr #cards 5 size 8 Array Of Cards #cards 12 size 40 Howl #buckets 4 coarsen threshold 1843 Howl Bitmap #cards 512 size 80 coarsen threshold 460 Card regions per heap region 1 cards per card region 2048
 CPUs: 8 total, 8 available
 Memory: 8072M
 Large Page Support: Disabled
 NUMA Support: Disabled
 Compressed Oops: Enabled (32-bit)
 Heap Region Size: 1M
 Heap Min Capacity: 8M
 Heap Initial Capacity: 128M
 Heap Max Capacity: 2020M
 Pre-touch: Disabled
 Parallel Workers: 8
 Concurrent Workers: 2
 Concurrent Refinement Workers: 8
 Periodic GC: Disabled
Heap:
 garbage-first heap   total 113664K, used 65857K [0x0000000081c00000, 0x0000000100000000)
  region size 1024K, 17 young (17408K), 4 survivors (4096K)
 Metaspace       used 34840K, committed 35264K, reserved 1114112K
  class space    used 3730K, committed 3904K, reserved 1048576K
GC Heap History (20 events):
Event: 10.420 GC heap before
{Heap before GC invocations=3 (full 0):
 garbage-first heap   total 131072K, used 82264K [0x0000000081c00000, 0x0000000100000000)
  region size 1024K, 76 young (77824K), 8 survivors (8192K)
 Metaspace       used 17866K, committed 18112K, reserved 1114112K
  class space    used 1942K, committed 2048K, reserved 1048576K
}
Event: 10.439 GC heap after
{Heap after GC invocations=4 (full 0):
 garbage-first heap   total 131072K, used 17164K [0x0000000081c00000, 0x0000000100000000)
  region size 1024K, 5 young (5120K), 5 survivors (5120K)
 Metaspace       used 17866K, committed 18112K, reserved 1114112K
  class space    used 1942K, committed 2048K, reserved 1048576K
}
Event: 12.413 GC heap before
{Heap before GC invocations=4 (full 0):
 garbage-first heap   total 131072K, used 80652K [0x0000000081c00000, 0x0000000100000000)
  region size 1024K, 68 young (69632K), 5 survivors (5120K)
 Metaspace       used 21238K, committed 21504K, reserved 1114112K
  class space    used 2296K, committed 2432K, reserved 1048576K
}
Event: 12.422 GC heap after
{Heap after GC invocations=5 (full 0):
 garbage-first heap   total 131072K, used 20770K [0x0000000081c00000, 0x0000000100000000)
  region size 1024K, 9 young (9216K), 9 survivors (9216K)
 Metaspace       used 21238K, committed 21504K, reserved 1114112K
  class space    used 2296K, committed 2432K, reserved 1048576K
}
Event: 15.000 GC heap before
{Heap before GC invocations=6 (full 0):
 garbage-first heap   total 75776K, used 57634K [0x0000000081c00000, 0x0000000100000000)
  region size 1024K, 44 young (45056K), 9 survivors (9216K)
 Metaspace       used 27289K, committed 27648K, reserved 1114112K
  class space    used 2962K, committed 3136K, reserved 1048576K
}
Event: 15.035 GC heap after
{Heap after GC invocations=7 (full 0):
 garbage-first heap   total 80896K, used 35815K [0x0000000081c00000, 0x0000000100000000)
  region size 1024K, 6 young (6144K), 6 survivors (6144K)
 Metaspace       used 27289K, committed 27648K, reserved 1114112K
  class space    used 2962K, committed 3136K, reserved 1048576K
}
Event: 15.820 GC heap before
{Heap before GC invocations=7 (full 0):
 garbage-first heap   total 80896K, used 63463K [0x0000000081c00000, 0x0000000100000000)
  region size 1024K, 33 young (33792K), 6 survivors (6144K)
 Metaspace       used 27319K, committed 27648K, reserved 1114112K
  class space    used 2962K, committed 3136K, reserved 1048576K
}
Event: 15.831 GC heap after
{Heap after GC invocations=8 (full 0):
 garbage-first heap   total 80896K, used 44544K [0x0000000081c00000, 0x0000000100000000)
  region size 1024K, 5 young (5120K), 5 survivors (5120K)
 Metaspace       used 27319K, committed 27648K, reserved 1114112K
  class space    used 2962K, committed 3136K, reserved 1048576K
}
Event: 16.576 GC heap before
{Heap before GC invocations=8 (full 0):
 garbage-first heap   total 80896K, used 66048K [0x0000000081c00000, 0x0000000100000000)
  region size 1024K, 26 young (26624K), 5 survivors (5120K)
 Metaspace       used 27996K, committed 28352K, reserved 1114112K
  class space    used 3034K, committed 3200K, reserved 1048576K
}
Event: 16.589 GC heap after
{Heap after GC invocations=9 (full 0):
 garbage-first heap   total 80896K, used 49664K [0x0000000081c00000, 0x0000000100000000)
  region size 1024K, 4 young (4096K), 4 survivors (4096K)
 Metaspace       used 27996K, committed 28352K, reserved 1114112K
  class space    used 3034K, committed 3200K, reserved 1048576K
}
Event: 17.532 GC heap before
{Heap before GC invocations=10 (full 0):
 garbage-first heap   total 87040K, used 67072K [0x0000000081c00000, 0x0000000100000000)
  region size 1024K, 22 young (22528K), 4 survivors (4096K)
 Metaspace       used 29105K, committed 29376K, reserved 1114112K
  class space    used 3148K, committed 3264K, reserved 1048576K
}
Event: 17.544 GC heap after
{Heap after GC invocations=11 (full 0):
 garbage-first heap   total 87040K, used 51460K [0x0000000081c00000, 0x0000000100000000)
  region size 1024K, 2 young (2048K), 2 survivors (2048K)
 Metaspace       used 29105K, committed 29376K, reserved 1114112K
  class space    used 3148K, committed 3264K, reserved 1048576K
}
Event: 18.104 GC heap before
{Heap before GC invocations=11 (full 0):
 garbage-first heap   total 87040K, used 72964K [0x0000000081c00000, 0x0000000100000000)
  region size 1024K, 24 young (24576K), 2 survivors (2048K)
 Metaspace       used 30138K, committed 30528K, reserved 1114112K
  class space    used 3247K, committed 3392K, reserved 1048576K
}
Event: 18.109 GC heap after
{Heap after GC invocations=12 (full 0):
 garbage-first heap   total 87040K, used 51200K [0x0000000081c00000, 0x0000000100000000)
  region size 1024K, 2 young (2048K), 2 survivors (2048K)
 Metaspace       used 30138K, committed 30528K, reserved 1114112K
  class space    used 3247K, committed 3392K, reserved 1048576K
}
Event: 18.310 GC heap before
{Heap before GC invocations=12 (full 0):
 garbage-first heap   total 87040K, used 74752K [0x0000000081c00000, 0x0000000100000000)
  region size 1024K, 25 young (25600K), 2 survivors (2048K)
 Metaspace       used 30460K, committed 30784K, reserved 1114112K
  class space    used 3255K, committed 3392K, reserved 1048576K
}
Event: 18.316 GC heap after
{Heap after GC invocations=13 (full 0):
 garbage-first heap   total 87040K, used 51391K [0x0000000081c00000, 0x0000000100000000)
  region size 1024K, 3 young (3072K), 3 survivors (3072K)
 Metaspace       used 30460K, committed 30784K, reserved 1114112K
  class space    used 3255K, committed 3392K, reserved 1048576K
}
Event: 19.001 GC heap before
{Heap before GC invocations=14 (full 0):
 garbage-first heap   total 94208K, used 76991K [0x0000000081c00000, 0x0000000100000000)
  region size 1024K, 27 young (27648K), 3 survivors (3072K)
 Metaspace       used 31736K, committed 32128K, reserved 1114112K
  class space    used 3408K, committed 3584K, reserved 1048576K
}
Event: 19.011 GC heap after
{Heap after GC invocations=15 (full 0):
 garbage-first heap   total 94208K, used 53391K [0x0000000081c00000, 0x0000000100000000)
  region size 1024K, 2 young (2048K), 2 survivors (2048K)
 Metaspace       used 31736K, committed 32128K, reserved 1114112K
  class space    used 3408K, committed 3584K, reserved 1048576K
}
Event: 19.630 GC heap before
{Heap before GC invocations=15 (full 0):
 garbage-first heap   total 94208K, used 81039K [0x0000000081c00000, 0x0000000100000000)
  region size 1024K, 30 young (30720K), 2 survivors (2048K)
 Metaspace       used 33273K, committed 33664K, reserved 1114112K
  class space    used 3529K, committed 3712K, reserved 1048576K
}
Event: 19.640 GC heap after
{Heap after GC invocations=16 (full 0):
 garbage-first heap   total 113664K, used 53569K [0x0000000081c00000, 0x0000000100000000)
  region size 1024K, 4 young (4096K), 4 survivors (4096K)
 Metaspace       used 33273K, committed 33664K, reserved 1114112K
  class space    used 3529K, committed 3712K, reserved 1048576K
}

