# JRE version: Java(TM) SE Runtime Environment (20.0.2+9) (build 20.0.2+9-78)
# Java VM: Java HotSpot(TM) 64-Bit Server VM (20.0.2+9-78, mixed mode, sharing, tiered, compressed oops, compressed class ptrs, g1 gc, windows-amd64)
GC Precious Log:
 CardTable entry size: 512
 Card Set container configuration: InlinePtr #cards 5 size 8 Array Of Cards #cards 12 size 40 Howl #buckets 4 coarsen threshold 1843 Howl Bitmap #cards 512 size 80 coarsen threshold 460 Card regions per heap region 1 cards per card region 2048
 CPUs: 8 total, 8 available
 Memory: 8072M
 Large Page Support: Disabled
 NUMA Support: Disabled
 Compressed Oops: Enabled (32-bit)
 Heap Region Size: 1M
 Heap Min Capacity: 8M
 Heap Initial Capacity: 128M
 Heap Max Capacity: 2020M
 Pre-touch: Disabled
 Parallel Workers: 8
 Concurrent Workers: 2
 Concurrent Refinement Workers: 8
 Periodic GC: Disabled
Heap:
 garbage-first heap   total 86016K, used 37229K [0x0000000081c00000, 0x0000000100000000)
  region size 1024K, 20 young (20480K), 7 survivors (7168K)
 Metaspace       used 25359K, committed 25920K, reserved 1114112K
  class space    used 3460K, committed 3712K, reserved 1048576K
GC Heap History (10 events):
Event: 0.830 GC heap before
{Heap before GC invocations=0 (full 0):
 garbage-first heap   total 131072K, used 23552K [0x0000000081c00000, 0x0000000100000000)
  region size 1024K, 23 young (23552K), 0 survivors (0K)
 Metaspace       used 5990K, committed 6208K, reserved 1114112K
  class space    used 679K, committed 768K, reserved 1048576K
}
Event: 0.836 GC heap after
{Heap after GC invocations=1 (full 0):
 garbage-first heap   total 131072K, used 9585K [0x0000000081c00000, 0x0000000100000000)
  region size 1024K, 3 young (3072K), 3 survivors (3072K)
 Metaspace       used 5990K, committed 6208K, reserved 1114112K
  class space    used 679K, committed 768K, reserved 1048576K
}
Event: 1.436 GC heap before
{Heap before GC invocations=1 (full 0):
 garbage-first heap   total 131072K, used 36209K [0x0000000081c00000, 0x0000000100000000)
  region size 1024K, 29 young (29696K), 3 survivors (3072K)
 Metaspace       used 10708K, committed 11072K, reserved 1114112K
  class space    used 1306K, committed 1472K, reserved 1048576K
}
Event: 1.449 GC heap after
{Heap after GC invocations=2 (full 0):
 garbage-first heap   total 131072K, used 12895K [0x0000000081c00000, 0x0000000100000000)
  region size 1024K, 4 young (4096K), 4 survivors (4096K)
 Metaspace       used 10708K, committed 11072K, reserved 1114112K
  class space    used 1306K, committed 1472K, reserved 1048576K
}
Event: 1.859 GC heap before
{Heap before GC invocations=2 (full 0):
 garbage-first heap   total 131072K, used 85599K [0x0000000081c00000, 0x0000000100000000)
  region size 1024K, 76 young (77824K), 4 survivors (4096K)
 Metaspace       used 13621K, committed 14080K, reserved 1114112K
  class space    used 1824K, committed 2048K, reserved 1048576K
}
Event: 1.865 GC heap after
{Heap after GC invocations=3 (full 0):
 garbage-first heap   total 131072K, used 18042K [0x0000000081c00000, 0x0000000100000000)
  region size 1024K, 9 young (9216K), 9 survivors (9216K)
 Metaspace       used 13621K, committed 14080K, reserved 1114112K
  class space    used 1824K, committed 2048K, reserved 1048576K
}
Event: 4.578 GC heap before
{Heap before GC invocations=3 (full 0):
 garbage-first heap   total 131072K, used 42618K [0x0000000081c00000, 0x0000000100000000)
  region size 1024K, 35 young (35840K), 9 survivors (9216K)
 Metaspace       used 21048K, committed 21504K, reserved 1114112K
  class space    used 2822K, committed 3008K, reserved 1048576K
}
Event: 4.589 GC heap after
{Heap after GC invocations=4 (full 0):
 garbage-first heap   total 131072K, used 22551K [0x0000000081c00000, 0x0000000100000000)
  region size 1024K, 5 young (5120K), 5 survivors (5120K)
 Metaspace       used 21048K, committed 21504K, reserved 1114112K
  class space    used 2822K, committed 3008K, reserved 1048576K
}
Event: 57.882 GC heap before
{Heap before GC invocations=5 (full 0):
 garbage-first heap   total 86016K, used 67607K [0x0000000081c00000, 0x0000000100000000)
  region size 1024K, 50 young (51200K), 5 survivors (5120K)
 Metaspace       used 25280K, committed 25856K, reserved 1114112K
  class space    used 3451K, committed 3712K, reserved 1048576K
}
Event: 57.889 GC heap after
{Heap after GC invocations=6 (full 0):
 garbage-first heap   total 86016K, used 24941K [0x0000000081c00000, 0x0000000100000000)
  region size 1024K, 7 young (7168K), 7 survivors (7168K)
 Metaspace       used 25280K, committed 25856K, reserved 1114112K
  class space    used 3451K, committed 3712K, reserved 1048576K
}

